[    1670ms] [ERROR] Failed to load resource: the server responded with a status of 404 (Not Found) @ http://localhost:3000/favicon.ico:0
[    6486ms] [ERROR] Failed to fetch RSC payload for http://localhost:3000/packages. Falling back to browser navigation. Error: Failed to read a RSC payload created by a development version of React on the server while using a production version on the client. Always use matching versions on the server and the client.
    at t (http://localhost:3000/_next/static/chunks/2117-c09d9fd5f62f1fa6.js:2:20435) @ http://localhost:3000/_next/static/chunks/2117-c09d9fd5f62f1fa6.js:0
[    6549ms] [ERROR] Failed to fetch RSC payload for http://localhost:3000/about. Falling back to browser navigation. Error: Failed to read a RSC payload created by a development version of React on the server while using a production version on the client. Always use matching versions on the server and the client.
    at t (http://localhost:3000/_next/static/chunks/2117-c09d9fd5f62f1fa6.js:2:20435) @ http://localhost:3000/_next/static/chunks/2117-c09d9fd5f62f1fa6.js:0
[    6552ms] [ERROR] Failed to fetch RSC payload for http://localhost:3000/contact. Falling back to browser navigation. Error: Failed to read a RSC payload created by a development version of React on the server while using a production version on the client. Always use matching versions on the server and the client.
    at t (http://localhost:3000/_next/static/chunks/2117-c09d9fd5f62f1fa6.js:2:20435) @ http://localhost:3000/_next/static/chunks/2117-c09d9fd5f62f1fa6.js:0
[    6552ms] [ERROR] Failed to fetch RSC payload for http://localhost:3000/blog. Falling back to browser navigation. Error: Failed to read a RSC payload created by a development version of React on the server while using a production version on the client. Always use matching versions on the server and the client.
    at t (http://localhost:3000/_next/static/chunks/2117-c09d9fd5f62f1fa6.js:2:20435) @ http://localhost:3000/_next/static/chunks/2117-c09d9fd5f62f1fa6.js:0
[    7008ms] [ERROR] Failed to load resource: the server responded with a status of 404 (Not Found) @ http://localhost:3000/_next/static/chunks/app-pages-internals.js:0
[  433067ms] [ERROR] Failed to fetch RSC payload for http://localhost:3000/packages/java-heritage-and-bromo. Falling back to browser navigation. Error: Failed to read a RSC payload created by a development version of React on the server while using a production version on the client. Always use matching versions on the server and the client.
    at t (http://localhost:3000/_next/static/chunks/2117-c09d9fd5f62f1fa6.js:2:20435) @ http://localhost:3000/_next/static/chunks/2117-c09d9fd5f62f1fa6.js:0
[  433074ms] [ERROR] Failed to fetch RSC payload for http://localhost:3000/packages/bromo-photography-tour. Falling back to browser navigation. Error: Failed to read a RSC payload created by a development version of React on the server while using a production version on the client. Always use matching versions on the server and the client.
    at t (http://localhost:3000/_next/static/chunks/2117-c09d9fd5f62f1fa6.js:2:20435) @ http://localhost:3000/_next/static/chunks/2117-c09d9fd5f62f1fa6.js:0
[  433075ms] [ERROR] Failed to fetch RSC payload for http://localhost:3000/packages/bromo-sunrise-signature. Falling back to browser navigation. Error: Failed to read a RSC payload created by a development version of React on the server while using a production version on the client. Always use matching versions on the server and the client.
    at t (http://localhost:3000/_next/static/chunks/2117-c09d9fd5f62f1fa6.js:2:20435) @ http://localhost:3000/_next/static/chunks/2117-c09d9fd5f62f1fa6.js:0
[  433075ms] [ERROR] Failed to fetch RSC payload for http://localhost:3000/packages/bromo-and-madakaripura. Falling back to browser navigation. Error: Failed to read a RSC payload created by a development version of React on the server while using a production version on the client. Always use matching versions on the server and the client.
    at t (http://localhost:3000/_next/static/chunks/2117-c09d9fd5f62f1fa6.js:2:20435) @ http://localhost:3000/_next/static/chunks/2117-c09d9fd5f62f1fa6.js:0
[  433075ms] [ERROR] Failed to fetch RSC payload for http://localhost:3000/packages/ijen-blue-fire-and-bromo. Falling back to browser navigation. Error: Failed to read a RSC payload created by a development version of React on the server while using a production version on the client. Always use matching versions on the server and the client.
    at t (http://localhost:3000/_next/static/chunks/2117-c09d9fd5f62f1fa6.js:2:20435) @ http://localhost:3000/_next/static/chunks/2117-c09d9fd5f62f1fa6.js:0
[  434108ms] [ERROR] Failed to fetch RSC payload for http://localhost:3000/packages?duration=short. Falling back to browser navigation. Error: Failed to read a RSC payload created by a development version of React on the server while using a production version on the client. Always use matching versions on the server and the client.
    at t (http://localhost:3000/_next/static/chunks/2117-c09d9fd5f62f1fa6.js:2:20435) @ http://localhost:3000/_next/static/chunks/2117-c09d9fd5f62f1fa6.js:0
[  434308ms] [ERROR] Failed to fetch RSC payload for http://localhost:3000/blog/how-to-visit-the-pyramids-of-giza-sphinx-in-egypt. Falling back to browser navigation. Error: Failed to read a RSC payload created by a development version of React on the server while using a production version on the client. Always use matching versions on the server and the client.
    at t (http://localhost:3000/_next/static/chunks/2117-c09d9fd5f62f1fa6.js:2:20435) @ http://localhost:3000/_next/static/chunks/2117-c09d9fd5f62f1fa6.js:0
[  434515ms] [ERROR] Failed to load resource: the server responded with a status of 404 (Not Found) @ http://localhost:3000/media?_rsc=gdhdt:0
[  434515ms] [ERROR] Failed to load resource: the server responded with a status of 404 (Not Found) @ http://localhost:3000/partnerships?_rsc=gdhdt:0
[  434515ms] [ERROR] Failed to load resource: the server responded with a status of 404 (Not Found) @ http://localhost:3000/privacy?_rsc=gdhdt:0
[  434516ms] [ERROR] Failed to load resource: the server responded with a status of 404 (Not Found) @ http://localhost:3000/terms?_rsc=gdhdt:0
